{
  "RSpec": {
    "coverage": {
      "/home/app/reedsy-challenge/config/environment.rb": {
        "lines": [
          null,
          null,
          null,
          1,
          null,
          null,
          1
        ]
      },
      "/home/app/reedsy-challenge/config/application.rb": {
        "lines": [
          null,
          null,
          1,
          null,
          1,
          null,
          null,
          null,
          1,
          null,
          1,
          1,
          null,
          1,
          null,
          null,
          null,
          null,
          null,
          null,
          null,
          null,
          null,
          null,
          null,
          null,
          1,
          null,
          null
        ]
      },
      "/home/app/reedsy-challenge/config/boot.rb": {
        "lines": [
          null,
          null,
          1,
          null,
          1,
          1
        ]
      },
      "/home/app/reedsy-challenge/config/environments/test.rb": {
        "lines": [
          null,
          null,
          1,
          null,
          null,
          null,
          null,
          null,
          null,
          1,
          null,
          null,
          null,
          1,
          null,
          null,
          null,
          null,
          1,
          null,
          null,
          1,
          1,
          null,
          null,
          null,
          null,
          1,
          1,
          1,
          null,
          null,
          1,
          null,
          null,
          1,
          null,
          null,
          1,
          null,
          1,
          null,
          null,
          null,
          null,
          1,
          null,
          null,
          1,
          null,
          null,
          1,
          null,
          null,
          1,
          null,
          null,
          null,
          null,
          null,
          null,
          null
        ]
      },
      "/home/app/reedsy-challenge/config/initializers/apipie.rb": {
        "lines": [
          null,
          null,
          1,
          1,
          1,
          1,
          null,
          1,
          null,
          1,
          1,
          1,
          null
        ]
      },
      "/home/app/reedsy-challenge/config/initializers/cors.rb": {
        "lines": [
          null,
          null,
          null,
          null,
          null,
          null,
          null,
          null,
          null,
          1,
          1,
          1,
          1,
          null,
          null,
          null,
          null
        ]
      },
      "/home/app/reedsy-challenge/config/initializers/filter_parameter_logging.rb": {
        "lines": [
          null,
          null,
          null,
          null,
          null,
          1,
          null,
          null
        ]
      },
      "/home/app/reedsy-challenge/config/initializers/inflections.rb": {
        "lines": [
          null,
          null,
          null,
          null,
          null,
          null,
          null,
          null,
          null,
          null,
          null,
          null,
          null,
          null,
          null,
          null,
          null,
          null
        ]
      },
      "/home/app/reedsy-challenge/config/initializers/money.rb": {
        "lines": [
          null,
          null,
          null,
          null,
          1,
          null,
          1,
          null,
          null,
          null,
          1,
          1,
          null
        ]
      },
      "/home/app/reedsy-challenge/config/routes.rb": {
        "lines": [
          null,
          null,
          1,
          1,
          1,
          1,
          null,
          null,
          1,
          null,
          null,
          1,
          null,
          null,
          null
        ]
      },
      "/home/app/reedsy-challenge/app/helpers/application_helper.rb": {
        "lines": [
          null,
          null,
          1,
          null
        ]
      },
      "/home/app/reedsy-challenge/app/helpers/price_helper.rb": {
        "lines": [
          null,
          null,
          null,
          1,
          null,
          null,
          null,
          null,
          null,
          1,
          null,
          290,
          null,
          0,
          null,
          null,
          290,
          null,
          null
        ]
      },
      "/home/app/reedsy-challenge/app/models/discount.rb": {
        "lines": [
          null,
          null,
          null,
          null,
          null,
          null,
          null,
          null,
          null,
          null,
          null,
          null,
          null,
          null,
          null,
          null,
          null,
          null,
          1,
          1,
          1,
          null,
          null,
          null,
          1,
          1,
          1,
          null,
          null,
          null,
          1,
          18,
          3,
          null,
          null,
          null,
          null,
          null,
          null,
          null,
          1,
          274,
          null,
          null,
          null,
          null,
          null,
          null,
          1,
          null,
          null,
          1928,
          null,
          null,
          384,
          804,
          null,
          null,
          null,
          null,
          null,
          null,
          null,
          1,
          116,
          null,
          116,
          null,
          115,
          115,
          null,
          115,
          146,
          null,
          null
        ]
      },
      "/home/app/reedsy-challenge/app/models/application_record.rb": {
        "lines": [
          null,
          null,
          1,
          1,
          null
        ]
      },
      "/home/app/reedsy-challenge/app/models/product.rb": {
        "lines": [
          null,
          null,
          null,
          null,
          null,
          null,
          null,
          null,
          null,
          null,
          null,
          null,
          1,
          1,
          1,
          null,
          null,
          null,
          1,
          null,
          null,
          null,
          1,
          1,
          1,
          1,
          1,
          null,
          null,
          null,
          1,
          1,
          1,
          null,
          null,
          1,
          null,
          null,
          null,
          null,
          null,
          null,
          null,
          null,
          null,
          null,
          1,
          12,
          12,
          12,
          null,
          null,
          5,
          5,
          null,
          null,
          1,
          null,
          null,
          1,
          10,
          null,
          null
        ]
      },
      "/home/app/reedsy-challenge/app/controllers/api/v1/basket_controller.rb": {
        "lines": [
          null,
          null,
          1,
          1,
          null,
          1,
          1,
          null,
          null,
          1,
          null,
          null,
          null,
          null,
          1,
          1,
          1,
          null,
          null,
          null,
          1,
          null,
          null,
          null,
          null,
          1,
          1,
          1,
          1,
          1,
          1,
          1,
          1,
          1,
          1,
          null,
          null,
          1,
          1,
          1,
          1,
          1,
          null,
          null,
          null,
          1,
          1,
          1,
          45,
          42,
          null,
          null,
          1,
          null,
          1,
          45,
          null,
          null,
          null,
          1,
          45,
          null,
          null,
          null,
          null
        ]
      },
      "/home/app/reedsy-challenge/app/controllers/application_controller.rb": {
        "lines": [
          null,
          null,
          null,
          1,
          null,
          1,
          null,
          1,
          null
        ]
      },
      "/home/app/reedsy-challenge/app/lib/error/error_handler.rb": {
        "lines": [
          null,
          null,
          null,
          1,
          null,
          1,
          null,
          1,
          1,
          1,
          2,
          null,
          2,
          null,
          null,
          null,
          1,
          1,
          null,
          null,
          null,
          null,
          1,
          null,
          null,
          null,
          null,
          1,
          3,
          null,
          null,
          null,
          null,
          1,
          2,
          null,
          null,
          1,
          2,
          null,
          null,
          null
        ]
      },
      "/home/app/reedsy-challenge/app/lib/error/custom_error.rb": {
        "lines": [
          null,
          null,
          1,
          null,
          1,
          1,
          null,
          1,
          5,
          5,
          5,
          null,
          null,
          null
        ]
      },
      "/home/app/reedsy-challenge/app/controllers/concerns/monetizable.rb": {
        "lines": [
          null,
          null,
          null,
          1,
          1,
          null,
          1,
          null,
          null,
          null,
          null,
          null,
          1,
          87,
          87,
          null,
          null
        ]
      },
      "/home/app/reedsy-challenge/app/controllers/api/v1/products_controller.rb": {
        "lines": [
          null,
          null,
          1,
          1,
          null,
          1,
          1,
          1,
          1,
          1,
          null,
          1,
          null,
          null,
          1,
          null,
          null,
          null,
          null,
          1,
          1,
          1,
          null,
          null,
          null,
          null,
          null,
          1,
          1,
          null,
          null,
          null,
          null,
          null,
          1,
          1,
          1,
          1,
          1,
          1,
          1,
          1,
          1,
          null,
          null,
          1,
          33,
          33,
          33,
          33,
          null,
          null,
          null,
          null,
          null,
          null,
          null,
          null,
          null,
          null,
          null,
          null,
          null,
          null,
          null,
          null,
          null,
          null,
          null,
          null,
          null,
          1,
          1,
          1,
          1,
          1,
          null,
          1,
          null,
          null,
          1,
          1,
          1,
          1,
          1,
          null,
          1,
          1,
          1,
          1,
          9,
          9,
          3,
          null,
          6,
          null,
          null,
          null,
          null,
          null,
          null,
          null,
          null,
          1,
          null,
          1,
          9,
          null,
          null,
          null,
          1,
          null,
          9,
          null,
          null,
          null,
          null,
          null,
          1,
          null,
          null,
          18,
          null,
          null,
          null,
          null,
          null,
          1,
          33,
          33,
          0,
          null,
          null,
          33,
          33,
          0,
          null,
          null,
          null,
          33,
          null,
          null,
          null,
          null,
          null,
          null,
          null,
          null
        ]
      },
      "/home/app/reedsy-challenge/app/controllers/concerns/sortable.rb": {
        "lines": [
          null,
          null,
          null,
          1,
          1,
          null,
          1,
          33,
          33,
          33,
          33,
          null,
          33,
          0,
          null,
          null,
          33,
          null,
          null,
          1,
          null,
          1,
          33,
          null,
          null
        ]
      },
      "/home/app/reedsy-challenge/app/controllers/concerns/filtrable.rb": {
        "lines": [
          null,
          null,
          null,
          1,
          1,
          null,
          null,
          null,
          1,
          33,
          165,
          33,
          0,
          0,
          null,
          null,
          null,
          33,
          null,
          null
        ]
      },
      "/home/app/reedsy-challenge/app/controllers/concerns/paginated.rb": {
        "lines": [
          null,
          null,
          null,
          1,
          1,
          null,
          null,
          1,
          null,
          1,
          null,
          1,
          null,
          null,
          null,
          null,
          null,
          null,
          null,
          1,
          33,
          null,
          33,
          null,
          20,
          20,
          null,
          null,
          null,
          null,
          null,
          1,
          33,
          null,
          null,
          null,
          null,
          null,
          null,
          null,
          1,
          20,
          20,
          null,
          20,
          0,
          20,
          0,
          null,
          20,
          null,
          null,
          null,
          1,
          20,
          20,
          null,
          null,
          null,
          null,
          1,
          20,
          20,
          null,
          null,
          null,
          null,
          null,
          null,
          1,
          33,
          null,
          null
        ]
      },
      "/home/app/reedsy-challenge/app/models/non_persistent/basket.rb": {
        "lines": [
          null,
          null,
          1,
          null,
          null,
          null,
          null,
          1,
          1,
          null,
          null,
          null,
          null,
          null,
          1,
          211,
          null,
          null,
          null,
          null,
          null,
          null,
          1,
          66,
          66,
          null,
          66,
          2,
          null,
          null,
          null,
          688,
          null,
          null,
          null,
          null,
          null,
          null,
          1,
          609,
          205,
          null,
          null,
          null,
          null,
          null,
          null,
          null,
          1,
          68,
          null,
          null,
          null,
          null,
          null,
          1,
          4025,
          null,
          null,
          null,
          null,
          null,
          1,
          1,
          null,
          null,
          null,
          null,
          null,
          1,
          229,
          null,
          null,
          null,
          null,
          null,
          null,
          1,
          576,
          391,
          null,
          185,
          null,
          null,
          null,
          null,
          null,
          null,
          null,
          null,
          null,
          null,
          null,
          1,
          null,
          234,
          342,
          null,
          null,
          234,
          234,
          null,
          null,
          234,
          null,
          null,
          98,
          112,
          null,
          112,
          140,
          null,
          null,
          null,
          null,
          null,
          null,
          null,
          140,
          140,
          null,
          null,
          null,
          98,
          null,
          null,
          null,
          null,
          null,
          null,
          null,
          1,
          43,
          null,
          null,
          1,
          null,
          null,
          null,
          null,
          null,
          1,
          140,
          140,
          364,
          null,
          140,
          null,
          null,
          null,
          null,
          null,
          null,
          null,
          null,
          null,
          null,
          null,
          null,
          null,
          1,
          null,
          null,
          null,
          null,
          null,
          140,
          null,
          null,
          140,
          null,
          364,
          140,
          null,
          140,
          140,
          null,
          140,
          112,
          112,
          null,
          28,
          null,
          null,
          null,
          null
        ]
      },
      "/home/app/reedsy-challenge/app/models/non_persistent/basket_item.rb": {
        "lines": [
          null,
          null,
          1,
          null,
          null,
          null,
          null,
          null,
          null,
          1,
          1,
          null,
          null,
          null,
          null,
          null,
          1,
          406,
          406,
          null,
          null,
          null
        ]
      },
      "/home/app/reedsy-challenge/app/models/product_discount.rb": {
        "lines": [
          null,
          null,
          null,
          1,
          1,
          1,
          null
        ]
      },
      "/home/app/reedsy-challenge/app/lib/error/model/basket/invalid_product_codes_error.rb": {
        "lines": [
          null,
          null,
          1,
          1,
          1,
          null,
          1,
          1,
          2,
          null,
          null,
          null,
          null,
          1,
          null,
          1,
          2,
          2,
          null,
          null,
          null,
          null,
          null
        ]
      },
      "/home/app/reedsy-challenge/app/models/non_persistent/basket_discount.rb": {
        "lines": [
          null,
          null,
          1,
          null,
          null,
          null,
          null,
          null,
          null,
          1,
          1,
          null,
          null,
          null,
          null,
          null,
          1,
          112,
          112,
          null,
          null,
          null
        ]
      }
    },
    "timestamp": 1642862251
  }
}
